-------------------------------------------------------------------------------
Test set: com.mt.enterprise.HelloWorldControllerTest
-------------------------------------------------------------------------------
Tests run: 1, Failures: 1, Errors: 0, Skipped: 0, Time elapsed: 0.014 sec <<< FAILURE!
com.mt.enterprise.HelloWorldControllerTest.testHelloWorld()  Time elapsed: 0.008 sec  <<< FAILURE!
java.lang.NullPointerException
	at com.mt.enterprise.HelloWorldControllerTest.testHelloWorld(HelloWorldControllerTest.java:28)

