<?xml version="1.0" encoding="UTF-8"?>
<testsuite xmlns:xsi="http://www.w3.org/2001/XMLSchema-instance" xsi:noNamespaceSchemaLocation="https://maven.apache.org/surefire/maven-surefire-plugin/xsd/surefire-test-report-3.0.xsd" version="3.0" name="com.mt.enterprise.HelloWorldControllerTest" time="7.467" tests="1" errors="0" skipped="0" failures="0">
  <properties>
[...]
</properties>
  <testcase name="testHelloWorld" classname="com.mt.enterprise.HelloWorldControllerTest" time="0.195">
    <system-out><![CDATA[23:53:31.171 [main] DEBUG org.springframework.test.context.BootstrapUtils - Instantiating CacheAwareContextLoaderDelegate from class [org.springframework.test.context.cache.DefaultCacheAwareContextLoaderDelegate]
23:53:31.213 [main] DEBUG org.springframework.test.context.BootstrapUtils - Instantiating BootstrapContext using constructor [public org.springframework.test.context.support.DefaultBootstrapContext(java.lang.Class,org.springframework.test.context.CacheAwareContextLoaderDelegate)]
23:53:31.350 [main] DEBUG org.springframework.test.context.BootstrapUtils - Instantiating TestContextBootstrapper for test class [com.mt.enterprise.HelloWorldControllerTest] from class [org.springframework.boot.test.autoconfigure.web.servlet.WebMvcTestContextBootstrapper]
23:53:31.484 [main] INFO org.springframework.boot.test.autoconfigure.web.servlet.WebMvcTestContextBootstrapper - Neither @ContextConfiguration nor @ContextHierarchy found for test class [com.mt.enterprise.HelloWorldControllerTest], using SpringBootContextLoader
23:53:31.574 [main] DEBUG org.springframework.test.context.support.AbstractContextLoader - Did not detect default resource location for test class [com.mt.enterprise.HelloWorldControllerTest]: class path resource [com/mt/enterprise/HelloWorldControllerTest-context.xml] does not exist
23:53:31.575 [main] DEBUG org.springframework.test.context.support.AbstractContextLoader - Did not detect default resource location for test class [com.mt.enterprise.HelloWorldControllerTest]: class path resource [com/mt/enterprise/HelloWorldControllerTestContext.groovy] does not exist
23:53:31.576 [main] INFO org.springframework.test.context.support.AbstractContextLoader - Could not detect default resource locations for test class [com.mt.enterprise.HelloWorldControllerTest]: no resource found for suffixes {-context.xml, Context.groovy}.
23:53:31.605 [main] INFO org.springframework.test.context.support.AnnotationConfigContextLoaderUtils - Could not detect default configuration classes for test class [com.mt.enterprise.HelloWorldControllerTest]: HelloWorldControllerTest does not declare any static, non-private, non-final, nested classes annotated with @Configuration.
23:53:32.402 [main] DEBUG org.springframework.test.context.support.ActiveProfilesUtils - Could not find an 'annotation declaring class' for annotation type [org.springframework.test.context.ActiveProfiles] and class [com.mt.enterprise.HelloWorldControllerTest]
23:53:32.805 [main] DEBUG org.springframework.context.annotation.ClassPathScanningCandidateComponentProvider - Identified candidate component class: file [C:\Users\passy\maven-Enterprise\Maven-enterprise-application\target\classes\com\mt\enterprise\MavenEnterpriseApplication.class]
23:53:32.805 [main] INFO org.springframework.boot.test.context.SpringBootTestContextBootstrapper - Found @SpringBootConfiguration com.mt.enterprise.MavenEnterpriseApplication for test class com.mt.enterprise.HelloWorldControllerTest
23:53:32.811 [main] DEBUG org.springframework.boot.test.autoconfigure.web.servlet.WebMvcTestContextBootstrapper - @TestExecutionListeners is not present for class [com.mt.enterprise.HelloWorldControllerTest]: using defaults.
23:53:32.811 [main] INFO org.springframework.boot.test.autoconfigure.web.servlet.WebMvcTestContextBootstrapper - Loaded default TestExecutionListener class names from location [META-INF/spring.factories]: [org.springframework.boot.test.mock.mockito.MockitoTestExecutionListener, org.springframework.boot.test.mock.mockito.ResetMocksTestExecutionListener, org.springframework.boot.test.autoconfigure.restdocs.RestDocsTestExecutionListener, org.springframework.boot.test.autoconfigure.web.client.MockRestServiceServerResetTestExecutionListener, org.springframework.boot.test.autoconfigure.web.servlet.MockMvcPrintOnlyOnFailureTestExecutionListener, org.springframework.boot.test.autoconfigure.web.servlet.WebDriverTestExecutionListener, org.springframework.boot.test.autoconfigure.webservices.client.MockWebServiceServerTestExecutionListener, org.springframework.test.context.web.ServletTestExecutionListener, org.springframework.test.context.support.DirtiesContextBeforeModesTestExecutionListener, org.springframework.test.context.event.ApplicationEventsTestExecutionListener, org.springframework.test.context.support.DependencyInjectionTestExecutionListener, org.springframework.test.context.support.DirtiesContextTestExecutionListener, org.springframework.test.context.transaction.TransactionalTestExecutionListener, org.springframework.test.context.jdbc.SqlScriptsTestExecutionListener, org.springframework.test.context.event.EventPublishingTestExecutionListener]
23:53:32.976 [main] INFO org.springframework.boot.test.autoconfigure.web.servlet.WebMvcTestContextBootstrapper - Using TestExecutionListeners: [org.springframework.test.context.web.ServletTestExecutionListener@7fbdb894, org.springframework.test.context.support.DirtiesContextBeforeModesTestExecutionListener@3081f72c, org.springframework.test.context.event.ApplicationEventsTestExecutionListener@3148f668, org.springframework.boot.test.mock.mockito.MockitoTestExecutionListener@6e005dc9, org.springframework.boot.test.autoconfigure.SpringBootDependencyInjectionTestExecutionListener@7ceb3185, org.springframework.test.context.support.DirtiesContextTestExecutionListener@436c81a3, org.springframework.test.context.transaction.TransactionalTestExecutionListener@3561c410, org.springframework.test.context.jdbc.SqlScriptsTestExecutionListener@59e32960, org.springframework.test.context.event.EventPublishingTestExecutionListener@7c214cc0, org.springframework.boot.test.mock.mockito.ResetMocksTestExecutionListener@5b67bb7e, org.springframework.boot.test.autoconfigure.restdocs.RestDocsTestExecutionListener@609db546, org.springframework.boot.test.autoconfigure.web.client.MockRestServiceServerResetTestExecutionListener@20f5281c, org.springframework.boot.test.autoconfigure.web.servlet.MockMvcPrintOnlyOnFailureTestExecutionListener@56c4278e, org.springframework.boot.test.autoconfigure.web.servlet.WebDriverTestExecutionListener@301eda63, org.springframework.boot.test.autoconfigure.webservices.client.MockWebServiceServerTestExecutionListener@3d246ea3]
23:53:32.986 [main] DEBUG org.springframework.test.context.support.AbstractDirtiesContextTestExecutionListener - Before test class: context [DefaultTestContext@74a6f9c1 testClass = HelloWorldControllerTest, testInstance = [null], testMethod = [null], testException = [null], mergedContextConfiguration = [WebMergedContextConfiguration@54eb2b70 testClass = HelloWorldControllerTest, locations = '{}', classes = '{class com.mt.enterprise.MavenEnterpriseApplication}', contextInitializerClasses = '[]', activeProfiles = '{}', propertySourceLocations = '{}', propertySourceProperties = '{org.springframework.boot.test.autoconfigure.web.servlet.WebMvcTestContextBootstrapper=true}', contextCustomizers = set[[ImportsContextCustomizer@45a37759 key = [org.springframework.boot.autoconfigure.task.TaskExecutionAutoConfiguration, org.springframework.boot.autoconfigure.cache.CacheAutoConfiguration, org.springframework.boot.autoconfigure.web.servlet.HttpEncodingAutoConfiguration, org.springframework.boot.autoconfigure.validation.ValidationAutoConfiguration, org.springframework.boot.autoconfigure.context.MessageSourceAutoConfiguration, org.springframework.boot.autoconfigure.hateoas.HypermediaAutoConfiguration, org.springframework.boot.autoconfigure.data.web.SpringDataWebAutoConfiguration, org.springframework.boot.autoconfigure.jackson.JacksonAutoConfiguration, org.springframework.boot.test.autoconfigure.web.reactive.WebTestClientAutoConfiguration, org.springframework.boot.autoconfigure.web.servlet.error.ErrorMvcAutoConfiguration, org.springframework.boot.test.autoconfigure.web.servlet.MockMvcAutoConfiguration, org.springframework.boot.autoconfigure.security.servlet.SecurityAutoConfiguration, org.springframework.boot.autoconfigure.security.servlet.SecurityFilterAutoConfiguration, org.springframework.boot.autoconfigure.http.HttpMessageConvertersAutoConfiguration, org.springframework.boot.autoconfigure.security.oauth2.client.servlet.OAuth2ClientAutoConfiguration, org.springframework.boot.test.autoconfigure.web.servlet.MockMvcSecurityConfiguration, org.springframework.boot.test.autoconfigure.web.servlet.MockMvcWebClientAutoConfiguration, org.springframework.boot.test.autoconfigure.web.servlet.MockMvcWebDriverAutoConfiguration, org.springframework.boot.autoconfigure.thymeleaf.ThymeleafAutoConfiguration, org.springframework.boot.autoconfigure.gson.GsonAutoConfiguration, org.springframework.boot.autoconfigure.jsonb.JsonbAutoConfiguration, org.springframework.boot.autoconfigure.freemarker.FreeMarkerAutoConfiguration, org.springframework.boot.autoconfigure.web.servlet.WebMvcAutoConfiguration, org.springframework.boot.autoconfigure.security.servlet.UserDetailsServiceAutoConfiguration, org.springframework.boot.autoconfigure.security.oauth2.resource.servlet.OAuth2ResourceServerAutoConfiguration, org.springframework.boot.autoconfigure.groovy.template.GroovyTemplateAutoConfiguration, org.springframework.boot.autoconfigure.mustache.MustacheAutoConfiguration]], org.springframework.boot.test.context.filter.ExcludeFilterContextCustomizer@72c8e7b, org.springframework.boot.test.json.DuplicateJsonObjectContextCustomizerFactory$DuplicateJsonObjectContextCustomizer@38467116, org.springframework.boot.test.mock.mockito.MockitoContextCustomizer@d901a09b, org.springframework.boot.test.autoconfigure.OverrideAutoConfigurationContextCustomizerFactory$DisableAutoConfigurationContextCustomizer@29d80d2b, org.springframework.boot.test.autoconfigure.actuate.metrics.MetricsExportContextCustomizerFactory$DisableMetricExportContextCustomizer@5340477f, org.springframework.boot.test.autoconfigure.filter.TypeExcludeFiltersContextCustomizer@e0a345a7, org.springframework.boot.test.autoconfigure.properties.PropertyMappingContextCustomizer@e36ec00f, org.springframework.boot.test.autoconfigure.web.servlet.WebDriverContextCustomizerFactory$Customizer@18f8cd79, org.springframework.boot.test.context.SpringBootTestArgs@1, org.springframework.boot.test.context.SpringBootTestWebEnvironment@0], resourceBasePath = 'src/main/webapp', contextLoader = 'org.springframework.boot.test.context.SpringBootContextLoader', parent = [null]], attributes = map[[empty]]], class annotated with @DirtiesContext [false] with mode [null].

  .   ____          _            __ _ _
 /\\ / ___'_ __ _ _(_)_ __  __ _ \ \ \ \
( ( )\___ | '_ | '_| | '_ \/ _` | \ \ \ \
 \\/  ___)| |_)| | | | | || (_| |  ) ) ) )
  '  |____| .__|_| |_|_| |_\__, | / / / /
 =========|_|==============|___/=/_/_/_/
 :: Spring Boot ::               (v2.7.18)

2024-11-28 23:53:34.206  INFO 21072 --- [           main] c.m.enterprise.HelloWorldControllerTest  : Starting HelloWorldControllerTest using Java 23.0.1 on Pasima with PID 21072 (started by passy in C:\Users\passy\maven-Enterprise\Maven-enterprise-application)
2024-11-28 23:53:34.206  INFO 21072 --- [           main] c.m.enterprise.HelloWorldControllerTest  : No active profile set, falling back to 1 default profile: "default"
2024-11-28 23:53:38.168  INFO 21072 --- [           main] o.s.b.t.m.w.SpringBootMockServletContext : Initializing Spring TestDispatcherServlet ''
2024-11-28 23:53:38.168  INFO 21072 --- [           main] o.s.t.web.servlet.TestDispatcherServlet  : Initializing Servlet ''
2024-11-28 23:53:38.184  INFO 21072 --- [           main] o.s.t.web.servlet.TestDispatcherServlet  : Completed initialization in 16 ms
2024-11-28 23:53:38.242  INFO 21072 --- [           main] c.m.enterprise.HelloWorldControllerTest  : Started HelloWorldControllerTest in 5.114 seconds (JVM running for 8.713)
]]></system-out>
  </testcase>
</testsuite>